This file contains any messages produced by compilers while
running configure, to aid debugging if configure makes a mistake.

It was created by Snes9x configure 1.59.2, which was
generated by GNU Autoconf 2.69.  Invocation command line was

  $ ./configure 

## --------- ##
## Platform. ##
## --------- ##

hostname = markus-HP-EliteBook-8470p
uname -m = x86_64
uname -r = 5.17.3
uname -s = Linux
uname -v = #1 SMP PREEMPT_DYNAMIC Fri Dec 30 22:16:38 CET 2022

/usr/bin/uname -p = x86_64
/bin/uname -X     = unknown

/bin/arch              = x86_64
/usr/bin/arch -k       = unknown
/usr/convex/getsysinfo = unknown
/usr/bin/hostinfo      = unknown
/bin/machine           = unknown
/usr/bin/oslevel       = unknown
/bin/universe          = unknown

PATH: /home/markus/.local/bin
PATH: /opt/wine-8.2-staging-tkg-amd64/bin
PATH: /usr/local/sbin
PATH: /usr/local/bin
PATH: /usr/sbin
PATH: /usr/bin
PATH: /sbin
PATH: /bin
PATH: /usr/games
PATH: /usr/local/games
PATH: /snap/bin
PATH: /home/markus/.oh-my-zsh/custom/plugins/ansiweather


## ----------- ##
## Core tests. ##
## ----------- ##

configure:2255: checking build system type
configure:2269: result: x86_64-unknown-linux-gnu
configure:2289: checking host system type
configure:2302: result: x86_64-unknown-linux-gnu
configure:2322: checking target system type
configure:2335: result: x86_64-unknown-linux-gnu
configure:2410: checking for gcc
configure:2426: found /usr/bin/gcc
configure:2437: result: gcc
configure:2666: checking for C compiler version
configure:2675: gcc --version >&5
gcc (Ubuntu 12.2.0-3ubuntu1) 12.2.0
Copyright (C) 2022 Free Software Foundation, Inc.
This is free software; see the source for copying conditions.  There is NO
warranty; not even for MERCHANTABILITY or FITNESS FOR A PARTICULAR PURPOSE.

configure:2686: $? = 0
configure:2675: gcc -v >&5
Using built-in specs.
COLLECT_GCC=gcc
COLLECT_LTO_WRAPPER=/usr/lib/gcc/x86_64-linux-gnu/12/lto-wrapper
OFFLOAD_TARGET_NAMES=nvptx-none:amdgcn-amdhsa
OFFLOAD_TARGET_DEFAULT=1
Target: x86_64-linux-gnu
Configured with: ../src/configure -v --with-pkgversion='Ubuntu 12.2.0-3ubuntu1' --with-bugurl=file:///usr/share/doc/gcc-12/README.Bugs --enable-languages=c,ada,c++,go,d,fortran,objc,obj-c++,m2 --prefix=/usr --with-gcc-major-version-only --program-suffix=-12 --program-prefix=x86_64-linux-gnu- --enable-shared --enable-linker-build-id --libexecdir=/usr/lib --without-included-gettext --enable-threads=posix --libdir=/usr/lib --enable-nls --enable-clocale=gnu --enable-libstdcxx-debug --enable-libstdcxx-time=yes --with-default-libstdcxx-abi=new --enable-gnu-unique-object --disable-vtable-verify --enable-plugin --enable-default-pie --with-system-zlib --enable-libphobos-checking=release --with-target-system-zlib=auto --enable-objc-gc=auto --enable-multiarch --disable-werror --disable-cet --with-arch-32=i686 --with-abi=m64 --with-multilib-list=m32,m64,mx32 --enable-multilib --with-tune=generic --enable-offload-targets=nvptx-none=/build/gcc-12-12.2.0/debian/tmp-nvptx/usr,amdgcn-amdhsa=/build/gcc-12-12.2.0/debian/tmp-gcn/usr --enable-offload-defaulted --without-cuda-driver --enable-checking=release --build=x86_64-linux-gnu --host=x86_64-linux-gnu --target=x86_64-linux-gnu
Thread model: posix
Supported LTO compression algorithms: zlib zstd
gcc version 12.2.0 (Ubuntu 12.2.0-3ubuntu1) 
... rest of stderr output deleted ...
configure:2686: $? = 0
configure:2675: gcc -V >&5
gcc: error: unrecognized command-line option '-V'
gcc: fatal error: no input files
compilation terminated.
configure:2686: $? = 1
configure:2675: gcc -qversion >&5
gcc: error: unrecognized command-line option '-qversion'; did you mean '--version'?
gcc: fatal error: no input files
compilation terminated.
configure:2686: $? = 1
configure:2706: checking whether the C compiler works
configure:2728: gcc -march=native -mtune=native -O3 -pipe -fstack-protector-strong -fno-plt   conftest.c  >&5
configure:2732: $? = 0
configure:2780: result: yes
configure:2783: checking for C compiler default output file name
configure:2785: result: a.out
configure:2791: checking for suffix of executables
configure:2798: gcc -o conftest -march=native -mtune=native -O3 -pipe -fstack-protector-strong -fno-plt   conftest.c  >&5
configure:2802: $? = 0
configure:2824: result: 
configure:2846: checking whether we are cross compiling
configure:2854: gcc -o conftest -march=native -mtune=native -O3 -pipe -fstack-protector-strong -fno-plt   conftest.c  >&5
configure:2858: $? = 0
configure:2865: ./conftest
configure:2869: $? = 0
configure:2857: result: no
configure:2862: checking for suffix of object files
configure:2884: gcc -c -march=native -mtune=native -O3 -pipe -fstack-protector-strong -fno-plt  conftest.c >&5
configure:2888: $? = 0
configure:2909: result: o
configure:2913: checking whether we are using the GNU C compiler
configure:2932: gcc -c -march=native -mtune=native -O3 -pipe -fstack-protector-strong -fno-plt  conftest.c >&5
configure:2932: $? = 0
configure:2941: result: yes
configure:2950: checking whether gcc accepts -g
configure:2970: gcc -c -g  conftest.c >&5
configure:2970: $? = 0
configure:3011: result: yes
configure:3028: checking for gcc option to accept ISO C89
configure:3091: gcc  -c -march=native -mtune=native -O3 -pipe -fstack-protector-strong -fno-plt  conftest.c >&5
configure:3091: $? = 0
configure:3104: result: none needed
configure:3182: checking for g++
configure:3198: found /usr/bin/g++
configure:3209: result: g++
configure:3236: checking for C++ compiler version
configure:3245: g++ --version >&5
g++ (Ubuntu 12.2.0-3ubuntu1) 12.2.0
Copyright (C) 2022 Free Software Foundation, Inc.
This is free software; see the source for copying conditions.  There is NO
warranty; not even for MERCHANTABILITY or FITNESS FOR A PARTICULAR PURPOSE.

configure:3256: $? = 0
configure:3245: g++ -v >&5
Using built-in specs.
COLLECT_GCC=g++
COLLECT_LTO_WRAPPER=/usr/lib/gcc/x86_64-linux-gnu/12/lto-wrapper
OFFLOAD_TARGET_NAMES=nvptx-none:amdgcn-amdhsa
OFFLOAD_TARGET_DEFAULT=1
Target: x86_64-linux-gnu
Configured with: ../src/configure -v --with-pkgversion='Ubuntu 12.2.0-3ubuntu1' --with-bugurl=file:///usr/share/doc/gcc-12/README.Bugs --enable-languages=c,ada,c++,go,d,fortran,objc,obj-c++,m2 --prefix=/usr --with-gcc-major-version-only --program-suffix=-12 --program-prefix=x86_64-linux-gnu- --enable-shared --enable-linker-build-id --libexecdir=/usr/lib --without-included-gettext --enable-threads=posix --libdir=/usr/lib --enable-nls --enable-clocale=gnu --enable-libstdcxx-debug --enable-libstdcxx-time=yes --with-default-libstdcxx-abi=new --enable-gnu-unique-object --disable-vtable-verify --enable-plugin --enable-default-pie --with-system-zlib --enable-libphobos-checking=release --with-target-system-zlib=auto --enable-objc-gc=auto --enable-multiarch --disable-werror --disable-cet --with-arch-32=i686 --with-abi=m64 --with-multilib-list=m32,m64,mx32 --enable-multilib --with-tune=generic --enable-offload-targets=nvptx-none=/build/gcc-12-12.2.0/debian/tmp-nvptx/usr,amdgcn-amdhsa=/build/gcc-12-12.2.0/debian/tmp-gcn/usr --enable-offload-defaulted --without-cuda-driver --enable-checking=release --build=x86_64-linux-gnu --host=x86_64-linux-gnu --target=x86_64-linux-gnu
Thread model: posix
Supported LTO compression algorithms: zlib zstd
gcc version 12.2.0 (Ubuntu 12.2.0-3ubuntu1) 
... rest of stderr output deleted ...
configure:3256: $? = 0
configure:3245: g++ -V >&5
g++: error: unrecognized command-line option '-V'
g++: fatal error: no input files
compilation terminated.
configure:3256: $? = 1
configure:3245: g++ -qversion >&5
g++: error: unrecognized command-line option '-qversion'; did you mean '--version'?
g++: fatal error: no input files
compilation terminated.
configure:3256: $? = 1
configure:3260: checking whether we are using the GNU C++ compiler
configure:3279: g++ -c -march=native -mtune=native -O3 -pipe -fstack-protector-strong -fno-plt  conftest.cpp >&5
configure:3279: $? = 0
configure:3288: result: yes
configure:3297: checking whether g++ accepts -g
configure:3317: g++ -c -g  conftest.cpp >&5
configure:3317: $? = 0
configure:3358: result: yes
configure:3530: checking whether g++ accepts -O3
configure:3563: g++ -o conftest -march=native -mtune=native -O3 -pipe -fstack-protector-strong -fno-plt -O3   conftest.cpp  >&5
configure:3563: $? = 0
configure:3563: ./conftest
configure:3563: $? = 0
configure:3580: result: yes
configure:3707: checking whether g++ accepts -fomit-frame-pointer
configure:3740: g++ -o conftest -march=native -mtune=native -O3 -pipe -fstack-protector-strong -fno-plt -fomit-frame-pointer   conftest.cpp  >&5
configure:3740: $? = 0
configure:3740: ./conftest
configure:3740: $? = 0
configure:3757: result: yes
configure:3900: checking whether g++ accepts -fno-exceptions
configure:3933: g++ -o conftest -march=native -mtune=native -O3 -pipe -fstack-protector-strong -fno-plt -fno-exceptions   conftest.cpp  >&5
configure:3933: $? = 0
configure:3933: ./conftest
configure:3933: $? = 0
configure:3950: result: yes
configure:3959: checking whether g++ accepts -fno-rtti
configure:3992: g++ -o conftest -march=native -mtune=native -O3 -pipe -fstack-protector-strong -fno-plt -fno-rtti   conftest.cpp  >&5
configure:3992: $? = 0
configure:3992: ./conftest
configure:3992: $? = 0
configure:4009: result: yes
configure:4018: checking whether g++ accepts -pedantic
configure:4051: g++ -o conftest -march=native -mtune=native -O3 -pipe -fstack-protector-strong -fno-plt -pedantic   conftest.cpp  >&5
configure:4051: $? = 0
configure:4051: ./conftest
configure:4051: $? = 0
configure:4068: result: yes
configure:4077: checking whether g++ accepts -Wall
configure:4110: g++ -o conftest -march=native -mtune=native -O3 -pipe -fstack-protector-strong -fno-plt -Wall   conftest.cpp  >&5
configure:4110: $? = 0
configure:4110: ./conftest
configure:4110: $? = 0
configure:4127: result: yes
configure:4136: checking whether g++ accepts -W
configure:4169: g++ -o conftest -march=native -mtune=native -O3 -pipe -fstack-protector-strong -fno-plt -W   conftest.cpp  >&5
configure:4169: $? = 0
configure:4169: ./conftest
configure:4169: $? = 0
configure:4186: result: yes
configure:4195: checking whether g++ accepts -Wno-unused-parameter
configure:4228: g++ -o conftest -march=native -mtune=native -O3 -pipe -fstack-protector-strong -fno-plt -Wno-unused-parameter   conftest.cpp  >&5
configure:4228: $? = 0
configure:4228: ./conftest
configure:4228: $? = 0
configure:4245: result: yes
configure:4256: checking whether the OS is Linux
configure:4275: result: yes
configure:4339: checking how to run the C++ preprocessor
configure:4366: g++ -E  conftest.cpp
configure:4366: $? = 0
configure:4380: g++ -E  conftest.cpp
conftest.cpp:9:10: fatal error: ac_nonexistent.h: No such file or directory
    9 | #include <ac_nonexistent.h>
      |          ^~~~~~~~~~~~~~~~~~
compilation terminated.
configure:4380: $? = 1
configure: failed program was:
| /* confdefs.h */
| #define PACKAGE_NAME "Snes9x"
| #define PACKAGE_TARNAME "snes9x"
| #define PACKAGE_VERSION "1.59.2"
| #define PACKAGE_STRING "Snes9x 1.59.2"
| #define PACKAGE_BUGREPORT ""
| #define PACKAGE_URL ""
| /* end confdefs.h.  */
| #include <ac_nonexistent.h>
configure:4405: result: g++ -E
configure:4425: g++ -E  conftest.cpp
configure:4425: $? = 0
configure:4439: g++ -E  conftest.cpp
conftest.cpp:9:10: fatal error: ac_nonexistent.h: No such file or directory
    9 | #include <ac_nonexistent.h>
      |          ^~~~~~~~~~~~~~~~~~
compilation terminated.
configure:4439: $? = 1
configure: failed program was:
| /* confdefs.h */
| #define PACKAGE_NAME "Snes9x"
| #define PACKAGE_TARNAME "snes9x"
| #define PACKAGE_VERSION "1.59.2"
| #define PACKAGE_STRING "Snes9x 1.59.2"
| #define PACKAGE_BUGREPORT ""
| #define PACKAGE_URL ""
| /* end confdefs.h.  */
| #include <ac_nonexistent.h>
configure:4468: checking for grep that handles long lines and -e
configure:4526: result: /usr/bin/grep
configure:4531: checking for egrep
configure:4593: result: /usr/bin/grep -E
configure:4598: checking for ANSI C header files
configure:4618: g++ -c -march=native -mtune=native -O3 -pipe -fstack-protector-strong -fno-plt  conftest.cpp >&5
configure:4618: $? = 0
configure:4691: g++ -o conftest -march=native -mtune=native -O3 -pipe -fstack-protector-strong -fno-plt   conftest.cpp  >&5
configure:4691: $? = 0
configure:4691: ./conftest
configure:4691: $? = 0
configure:4702: result: yes
configure:4715: checking for sys/types.h
configure:4715: g++ -c -march=native -mtune=native -O3 -pipe -fstack-protector-strong -fno-plt  conftest.cpp >&5
configure:4715: $? = 0
configure:4715: result: yes
configure:4715: checking for sys/stat.h
configure:4715: g++ -c -march=native -mtune=native -O3 -pipe -fstack-protector-strong -fno-plt  conftest.cpp >&5
configure:4715: $? = 0
configure:4715: result: yes
configure:4715: checking for stdlib.h
configure:4715: g++ -c -march=native -mtune=native -O3 -pipe -fstack-protector-strong -fno-plt  conftest.cpp >&5
configure:4715: $? = 0
configure:4715: result: yes
configure:4715: checking for string.h
configure:4715: g++ -c -march=native -mtune=native -O3 -pipe -fstack-protector-strong -fno-plt  conftest.cpp >&5
configure:4715: $? = 0
configure:4715: result: yes
configure:4715: checking for memory.h
configure:4715: g++ -c -march=native -mtune=native -O3 -pipe -fstack-protector-strong -fno-plt  conftest.cpp >&5
configure:4715: $? = 0
configure:4715: result: yes
configure:4715: checking for strings.h
configure:4715: g++ -c -march=native -mtune=native -O3 -pipe -fstack-protector-strong -fno-plt  conftest.cpp >&5
configure:4715: $? = 0
configure:4715: result: yes
configure:4715: checking for inttypes.h
configure:4715: g++ -c -march=native -mtune=native -O3 -pipe -fstack-protector-strong -fno-plt  conftest.cpp >&5
configure:4715: $? = 0
configure:4715: result: yes
configure:4715: checking for stdint.h
configure:4715: g++ -c -march=native -mtune=native -O3 -pipe -fstack-protector-strong -fno-plt  conftest.cpp >&5
configure:4715: $? = 0
configure:4715: result: yes
configure:4715: checking for unistd.h
configure:4715: g++ -c -march=native -mtune=native -O3 -pipe -fstack-protector-strong -fno-plt  conftest.cpp >&5
configure:4715: $? = 0
configure:4715: result: yes
configure:4731: checking zlib.h usability
configure:4731: g++ -c -march=native -mtune=native -O3 -pipe -fstack-protector-strong -fno-plt  conftest.cpp >&5
configure:4731: $? = 0
configure:4731: result: yes
configure:4731: checking zlib.h presence
configure:4731: g++ -E  conftest.cpp
configure:4731: $? = 0
configure:4731: result: yes
configure:4731: checking for zlib.h
configure:4731: result: yes
configure:4733: checking for gzread in -lz
configure:4758: g++ -o conftest -march=native -mtune=native -O3 -pipe -fstack-protector-strong -fno-plt   conftest.cpp -lz   >&5
configure:4758: $? = 0
configure:4767: result: yes
configure:4882: checking for pkg-config
configure:4900: found /usr/bin/pkg-config
configure:4912: result: /usr/bin/pkg-config
configure:4937: checking pkg-config is at least version 0.9.0
configure:4940: result: yes
configure:4950: checking for SYSTEM_ZIP
configure:4957: $PKG_CONFIG --exists --print-errors "minizip"
Package minizip was not found in the pkg-config search path.
Perhaps you should add the directory containing `minizip.pc'
to the PKG_CONFIG_PATH environment variable
No package 'minizip' found
configure:4960: $? = 1
configure:4974: $PKG_CONFIG --exists --print-errors "minizip"
Package minizip was not found in the pkg-config search path.
Perhaps you should add the directory containing `minizip.pc'
to the PKG_CONFIG_PATH environment variable
No package 'minizip' found
configure:4977: $? = 1
configure:4991: result: no
No package 'minizip' found
configure:5010: WARNING: minizip not found. Build without SYSTEM_ZIP support.
configure:5076: checking png.h usability
configure:5076: g++ -c -march=native -mtune=native -O3 -pipe -fstack-protector-strong -fno-plt  conftest.cpp >&5
configure:5076: $? = 0
configure:5076: result: yes
configure:5076: checking png.h presence
configure:5076: g++ -E  conftest.cpp
configure:5076: $? = 0
configure:5076: result: yes
configure:5076: checking for png.h
configure:5076: result: yes
configure:5078: checking for png_init_io in -lpng
configure:5103: g++ -o conftest -march=native -mtune=native -O3 -pipe -fstack-protector-strong -fno-plt   conftest.cpp -lpng   >&5
configure:5103: $? = 0
configure:5112: result: yes
configure:5150: checking for mkstemp
configure:5150: g++ -o conftest -march=native -mtune=native -O3 -pipe -fstack-protector-strong -fno-plt   conftest.cpp  >&5
configure:5150: $? = 0
configure:5150: result: yes
configure:5160: checking for X
configure:5268: g++ -E  conftest.cpp
configure:5268: $? = 0
configure:5299: g++ -o conftest -march=native -mtune=native -O3 -pipe -fstack-protector-strong -fno-plt   conftest.cpp -lX11  >&5
configure:5299: $? = 0
configure:5349: result: libraries , headers 
configure:5448: g++ -o conftest -march=native -mtune=native -O3 -pipe -fstack-protector-strong -fno-plt   conftest.cpp   -lX11 >&5
configure:5448: $? = 0
configure:5546: checking for gethostbyname
configure:5546: g++ -o conftest -march=native -mtune=native -O3 -pipe -fstack-protector-strong -fno-plt   conftest.cpp  >&5
configure:5546: $? = 0
configure:5546: result: yes
configure:5643: checking for connect
configure:5643: g++ -o conftest -march=native -mtune=native -O3 -pipe -fstack-protector-strong -fno-plt   conftest.cpp  >&5
configure:5643: $? = 0
configure:5643: result: yes
configure:5692: checking for remove
configure:5692: g++ -o conftest -march=native -mtune=native -O3 -pipe -fstack-protector-strong -fno-plt   conftest.cpp  >&5
configure:5692: $? = 0
configure:5692: result: yes
configure:5741: checking for shmat
configure:5741: g++ -o conftest -march=native -mtune=native -O3 -pipe -fstack-protector-strong -fno-plt   conftest.cpp  >&5
configure:5741: $? = 0
configure:5741: result: yes
configure:5799: checking for IceConnectionNumber in -lICE
configure:5824: g++ -o conftest -march=native -mtune=native -O3 -pipe -fstack-protector-strong -fno-plt   conftest.cpp -lICE   >&5
configure:5824: $? = 0
configure:5833: result: yes
configure:5854: checking for strings.h
configure:5854: result: yes
configure:5863: checking sys/ioctl.h usability
configure:5863: g++ -c -march=native -mtune=native -O3 -pipe -fstack-protector-strong -fno-plt  conftest.cpp >&5
configure:5863: $? = 0
configure:5863: result: yes
configure:5863: checking sys/ioctl.h presence
configure:5863: g++ -E  conftest.cpp
configure:5863: $? = 0
configure:5863: result: yes
configure:5863: checking for sys/ioctl.h
configure:5863: result: yes
configure:5872: checking for stdint.h
configure:5872: result: yes
configure:5885: checking for unistd.h
configure:5885: result: yes
configure:5885: checking sys/socket.h usability
configure:5885: g++ -c -march=native -mtune=native -O3 -pipe -fstack-protector-strong -fno-plt  conftest.cpp >&5
configure:5885: $? = 0
configure:5885: result: yes
configure:5885: checking sys/socket.h presence
configure:5885: g++ -E  conftest.cpp
configure:5885: $? = 0
configure:5885: result: yes
configure:5885: checking for sys/socket.h
configure:5885: result: yes
configure:5942: checking whether right shift int8 is arithmetic
configure:5984: g++ -o conftest -march=native -mtune=native -O3 -pipe -fstack-protector-strong -fno-plt -DHAVE_STDINT_H   conftest.cpp  >&5
configure:5984: $? = 0
configure:5984: ./conftest
configure:5984: $? = 0
configure:6001: result: yes
configure:6006: checking whether right shift int16 is arithmetic
configure:6048: g++ -o conftest -march=native -mtune=native -O3 -pipe -fstack-protector-strong -fno-plt -DHAVE_STDINT_H   conftest.cpp  >&5
configure:6048: $? = 0
configure:6048: ./conftest
configure:6048: $? = 0
configure:6065: result: yes
configure:6070: checking whether right shift int32 is arithmetic
configure:6112: g++ -o conftest -march=native -mtune=native -O3 -pipe -fstack-protector-strong -fno-plt -DHAVE_STDINT_H   conftest.cpp  >&5
configure:6112: $? = 0
configure:6112: ./conftest
configure:6112: $? = 0
configure:6129: result: yes
configure:6134: checking whether right shift int64 is arithmetic
configure:6176: g++ -o conftest -march=native -mtune=native -O3 -pipe -fstack-protector-strong -fno-plt -DHAVE_STDINT_H   conftest.cpp  >&5
configure:6176: $? = 0
configure:6176: ./conftest
configure:6176: $? = 0
configure:6193: result: yes
configure:6217: checking X11/extensions/Xv.h usability
configure:6217: g++ -c -march=native -mtune=native -O3 -pipe -fstack-protector-strong -fno-plt  conftest.cpp >&5
configure:6217: $? = 0
configure:6217: result: yes
configure:6217: checking X11/extensions/Xv.h presence
configure:6217: g++ -E  conftest.cpp
configure:6217: $? = 0
configure:6217: result: yes
configure:6217: checking for X11/extensions/Xv.h
configure:6217: result: yes
configure:6240: checking X11/extensions/Xinerama.h usability
configure:6240: g++ -c -march=native -mtune=native -O3 -pipe -fstack-protector-strong -fno-plt  conftest.cpp >&5
configure:6240: $? = 0
configure:6240: result: yes
configure:6240: checking X11/extensions/Xinerama.h presence
configure:6240: g++ -E  conftest.cpp
configure:6240: $? = 0
configure:6240: result: yes
configure:6240: checking for X11/extensions/Xinerama.h
configure:6240: result: yes
configure:6263: checking whether sound is supported on this platform
configure:6266: result: yes
configure:6278: checking pthread.h usability
configure:6278: g++ -c -march=native -mtune=native -O3 -pipe -fstack-protector-strong -fno-plt  conftest.cpp >&5
configure:6278: $? = 0
configure:6278: result: yes
configure:6278: checking pthread.h presence
configure:6278: g++ -E  conftest.cpp
configure:6278: $? = 0
configure:6278: result: yes
configure:6278: checking for pthread.h
configure:6278: result: yes
configure:6489: creating ./config.status

## ---------------------- ##
## Running config.status. ##
## ---------------------- ##

This file was extended by Snes9x config.status 1.59.2, which was
generated by GNU Autoconf 2.69.  Invocation command line was

  CONFIG_FILES    = 
  CONFIG_HEADERS  = 
  CONFIG_LINKS    = 
  CONFIG_COMMANDS = 
  $ ./config.status 

on markus-HP-EliteBook-8470p

config.status:755: creating Makefile

## ---------------- ##
## Cache variables. ##
## ---------------- ##

ac_cv_build=x86_64-unknown-linux-gnu
ac_cv_c_compiler_gnu=yes
ac_cv_cxx_compiler_gnu=yes
ac_cv_env_CCC_set=
ac_cv_env_CCC_value=
ac_cv_env_CC_set=
ac_cv_env_CC_value=
ac_cv_env_CFLAGS_set=set
ac_cv_env_CFLAGS_value='-march=native -mtune=native -O3 -pipe -fstack-protector-strong -fno-plt'
ac_cv_env_CPPFLAGS_set=
ac_cv_env_CPPFLAGS_value=
ac_cv_env_CXXCPP_set=
ac_cv_env_CXXCPP_value=
ac_cv_env_CXXFLAGS_set=set
ac_cv_env_CXXFLAGS_value='-march=native -mtune=native -O3 -pipe -fstack-protector-strong -fno-plt'
ac_cv_env_CXX_set=
ac_cv_env_CXX_value=
ac_cv_env_LDFLAGS_set=
ac_cv_env_LDFLAGS_value=
ac_cv_env_LIBS_set=
ac_cv_env_LIBS_value=
ac_cv_env_PKG_CONFIG_LIBDIR_set=
ac_cv_env_PKG_CONFIG_LIBDIR_value=
ac_cv_env_PKG_CONFIG_PATH_set=
ac_cv_env_PKG_CONFIG_PATH_value=
ac_cv_env_PKG_CONFIG_set=
ac_cv_env_PKG_CONFIG_value=
ac_cv_env_SYSTEM_ZIP_CFLAGS_set=
ac_cv_env_SYSTEM_ZIP_CFLAGS_value=
ac_cv_env_SYSTEM_ZIP_LIBS_set=
ac_cv_env_SYSTEM_ZIP_LIBS_value=
ac_cv_env_XMKMF_set=
ac_cv_env_XMKMF_value=
ac_cv_env_build_alias_set=
ac_cv_env_build_alias_value=
ac_cv_env_host_alias_set=
ac_cv_env_host_alias_value=
ac_cv_env_target_alias_set=
ac_cv_env_target_alias_value=
ac_cv_func_connect=yes
ac_cv_func_gethostbyname=yes
ac_cv_func_mkstemp=yes
ac_cv_func_remove=yes
ac_cv_func_shmat=yes
ac_cv_have_x='have_x=yes	ac_x_includes='\'''\''	ac_x_libraries='\'''\'''
ac_cv_header_X11_extensions_Xinerama_h=yes
ac_cv_header_X11_extensions_Xv_h=yes
ac_cv_header_inttypes_h=yes
ac_cv_header_memory_h=yes
ac_cv_header_png_h=yes
ac_cv_header_pthread_h=yes
ac_cv_header_stdc=yes
ac_cv_header_stdint_h=yes
ac_cv_header_stdlib_h=yes
ac_cv_header_string_h=yes
ac_cv_header_strings_h=yes
ac_cv_header_sys_ioctl_h=yes
ac_cv_header_sys_socket_h=yes
ac_cv_header_sys_stat_h=yes
ac_cv_header_sys_types_h=yes
ac_cv_header_unistd_h=yes
ac_cv_header_zlib_h=yes
ac_cv_host=x86_64-unknown-linux-gnu
ac_cv_lib_ICE_IceConnectionNumber=yes
ac_cv_lib_png_png_init_io=yes
ac_cv_lib_z_gzread=yes
ac_cv_objext=o
ac_cv_path_EGREP='/usr/bin/grep -E'
ac_cv_path_GREP=/usr/bin/grep
ac_cv_path_ac_pt_PKG_CONFIG=/usr/bin/pkg-config
ac_cv_prog_CXXCPP='g++ -E'
ac_cv_prog_ac_ct_CC=gcc
ac_cv_prog_ac_ct_CXX=g++
ac_cv_prog_cc_c89=
ac_cv_prog_cc_g=yes
ac_cv_prog_cxx_g=yes
ac_cv_target=x86_64-unknown-linux-gnu
snes9x_cv_libpng=yes
snes9x_cv_linux_os=yes
snes9x_cv_option_W=yes
snes9x_cv_option_Wall=yes
snes9x_cv_option_Wno_unused_parameter=yes
snes9x_cv_option_no_exceptions=yes
snes9x_cv_option_no_rtti=yes
snes9x_cv_option_o3=yes
snes9x_cv_option_omit_frame_pointer=yes
snes9x_cv_option_pedantic=yes
snes9x_cv_zlib=yes

## ----------------- ##
## Output variables. ##
## ----------------- ##

CC='gcc'
CFLAGS='-march=native -mtune=native -O3 -pipe -fstack-protector-strong -fno-plt'
CPPFLAGS=''
CXX='g++'
CXXCPP='g++ -E'
CXXFLAGS='-march=native -mtune=native -O3 -pipe -fstack-protector-strong -fno-plt'
DEFS='-DPACKAGE_NAME=\"Snes9x\" -DPACKAGE_TARNAME=\"snes9x\" -DPACKAGE_VERSION=\"1.59.2\" -DPACKAGE_STRING=\"Snes9x\ 1.59.2\" -DPACKAGE_BUGREPORT=\"\" -DPACKAGE_URL=\"\" -DSTDC_HEADERS=1 -DHAVE_SYS_TYPES_H=1 -DHAVE_SYS_STAT_H=1 -DHAVE_STDLIB_H=1 -DHAVE_STRING_H=1 -DHAVE_MEMORY_H=1 -DHAVE_STRINGS_H=1 -DHAVE_INTTYPES_H=1 -DHAVE_STDINT_H=1 -DHAVE_UNISTD_H=1 -DHAVE_UNISTD_H=1 -DHAVE_SYS_SOCKET_H=1'
ECHO_C=''
ECHO_N='-n'
ECHO_T=''
EGREP='/usr/bin/grep -E'
EXEEXT=''
GREP='/usr/bin/grep'
LDFLAGS=''
LIBOBJS=''
LIBS=''
LTLIBOBJS=''
OBJEXT='o'
PACKAGE_BUGREPORT=''
PACKAGE_NAME='Snes9x'
PACKAGE_STRING='Snes9x 1.59.2'
PACKAGE_TARNAME='snes9x'
PACKAGE_URL=''
PACKAGE_VERSION='1.59.2'
PATH_SEPARATOR=':'
PKG_CONFIG='/usr/bin/pkg-config'
PKG_CONFIG_LIBDIR=''
PKG_CONFIG_PATH=''
S9XDEBUGGER='#S9XDEBUGGER=1'
S9XDEFS='-DJOYSTICK_SUPPORT -DZLIB -DJMA_SUPPORT -DHAVE_LIBPNG -DHAVE_MKSTEMP -DHAVE_STRINGS_H -DHAVE_SYS_IOCTL_H -DHAVE_STDINT_H -DRIGHTSHIFT_IS_SAR -DUSE_XVIDEO -DUSE_XINERAMA -DUSE_THREADS -DGFX_MULTI_FORMAT'
S9XFLGS='-O3 -fomit-frame-pointer -fno-exceptions -fno-rtti -pedantic -Wall -W -Wno-unused-parameter -march=native -mtune=native -O3 -pipe -fstack-protector-strong -fno-plt '
S9XJMA='S9XJMA=1'
S9XLIBS='-lz -lpng -lSM -lICE -lX11 -lXext -lXv -lXinerama -lpthread'
S9XNETPLAY='#S9XNETPLAY=1'
S9XXVIDEO=''
S9XZIP='#S9XZIP=1'
S9X_SYSTEM_ZIP='#SYSTEM_ZIP=1'
SHELL='/bin/bash'
SYSTEM_ZIP_CFLAGS=''
SYSTEM_ZIP_LIBS=''
XMKMF=''
X_CFLAGS=''
X_EXTRA_LIBS=''
X_LIBS=''
X_PRE_LIBS=' -lSM -lICE'
ac_ct_CC='gcc'
ac_ct_CXX='g++'
bindir='${exec_prefix}/bin'
build='x86_64-unknown-linux-gnu'
build_alias=''
build_cpu='x86_64'
build_os='linux-gnu'
build_vendor='unknown'
datadir='${datarootdir}'
datarootdir='${prefix}/share'
docdir='${datarootdir}/doc/${PACKAGE_TARNAME}'
dvidir='${docdir}'
exec_prefix='${prefix}'
host='x86_64-unknown-linux-gnu'
host_alias=''
host_cpu='x86_64'
host_os='linux-gnu'
host_vendor='unknown'
htmldir='${docdir}'
includedir='${prefix}/include'
infodir='${datarootdir}/info'
libdir='${exec_prefix}/lib'
libexecdir='${exec_prefix}/libexec'
localedir='${datarootdir}/locale'
localstatedir='${prefix}/var'
mandir='${datarootdir}/man'
oldincludedir='/usr/include'
pdfdir='${docdir}'
prefix='/usr/local'
program_transform_name='s,x,x,'
psdir='${docdir}'
sbindir='${exec_prefix}/sbin'
sharedstatedir='${prefix}/com'
sysconfdir='${prefix}/etc'
target='x86_64-unknown-linux-gnu'
target_alias=''
target_cpu='x86_64'
target_os='linux-gnu'
target_vendor='unknown'

## ----------- ##
## confdefs.h. ##
## ----------- ##

/* confdefs.h */
#define PACKAGE_NAME "Snes9x"
#define PACKAGE_TARNAME "snes9x"
#define PACKAGE_VERSION "1.59.2"
#define PACKAGE_STRING "Snes9x 1.59.2"
#define PACKAGE_BUGREPORT ""
#define PACKAGE_URL ""
#define STDC_HEADERS 1
#define HAVE_SYS_TYPES_H 1
#define HAVE_SYS_STAT_H 1
#define HAVE_STDLIB_H 1
#define HAVE_STRING_H 1
#define HAVE_MEMORY_H 1
#define HAVE_STRINGS_H 1
#define HAVE_INTTYPES_H 1
#define HAVE_STDINT_H 1
#define HAVE_UNISTD_H 1
#define HAVE_UNISTD_H 1
#define HAVE_SYS_SOCKET_H 1

configure: exit 0
